<?xml version="1.0" encoding="UTF-8"?>
<!-- Generated by org.testng.reporters.JUnitReportReporter -->
<testsuite skipped="0" hostname="DESKTOP-4883NNM" name="example.NewTest" tests="1" failures="0" timestamp="03 Feb 2019 11:36:16 GMT" time="19.571" errors="0">
  <testcase name="testEasy" time="19.571" classname="example.NewTest"/>
</testsuite> <!-- example.NewTest -->
