<?xml version="1.0" encoding="UTF-8"?>
<!-- Generated by org.testng.reporters.JUnitReportReporter -->
<testsuite hostname="DESKTOP-4883NNM" name="example.NewTest" tests="1" failures="0" timestamp="3 Feb 2019 11:37:27 GMT" time="18.929" errors="0">
  <testcase name="testEasy" time="18.929" classname="example.NewTest"/>
</testsuite> <!-- example.NewTest -->
